Generated at 2012-07-10 14:16:56 +0530
Chef::Exceptions::CookbookNotFound: Cookbook chef_handler not found. If you're loading chef_handler from another cookbook, make sure you configure the dependency in your metadata
C:/opscode/chef/embedded/lib/ruby/gems/1.9.1/gems/chef-10.12.0/lib/chef/cookbook/cookbook_collection.rb:38:in `block in initialize'
C:/opscode/chef/embedded/lib/ruby/gems/1.9.1/gems/ohai-6.14.0/lib/ohai/mash.rb:77:in `yield'
C:/opscode/chef/embedded/lib/ruby/gems/1.9.1/gems/ohai-6.14.0/lib/ohai/mash.rb:77:in `default'
C:/opscode/chef/embedded/lib/ruby/gems/1.9.1/gems/ohai-6.14.0/lib/ohai/mash.rb:77:in `default'
C:/opscode/chef/embedded/lib/ruby/gems/1.9.1/gems/chef-10.12.0/lib/chef/mixin/language_include_recipe.rb:45:in `[]'
C:/opscode/chef/embedded/lib/ruby/gems/1.9.1/gems/chef-10.12.0/lib/chef/mixin/language_include_recipe.rb:45:in `load_recipe'
C:/opscode/chef/embedded/lib/ruby/gems/1.9.1/gems/chef-10.12.0/lib/chef/mixin/language_include_recipe.rb:33:in `block in include_recipe'
C:/opscode/chef/embedded/lib/ruby/gems/1.9.1/gems/chef-10.12.0/lib/chef/mixin/language_include_recipe.rb:27:in `each'
C:/opscode/chef/embedded/lib/ruby/gems/1.9.1/gems/chef-10.12.0/lib/chef/mixin/language_include_recipe.rb:27:in `include_recipe'
C:/opscode/chef/embedded/lib/ruby/gems/1.9.1/gems/chef-10.12.0/lib/chef/run_context.rb:72:in `block in load'
C:/opscode/chef/embedded/lib/ruby/gems/1.9.1/gems/chef-10.12.0/lib/chef/run_context.rb:69:in `each'
C:/opscode/chef/embedded/lib/ruby/gems/1.9.1/gems/chef-10.12.0/lib/chef/run_context.rb:69:in `load'
C:/opscode/chef/embedded/lib/ruby/gems/1.9.1/gems/chef-10.12.0/lib/chef/client.rb:199:in `setup_run_context'
C:/opscode/chef/embedded/lib/ruby/gems/1.9.1/gems/chef-10.12.0/lib/chef/client.rb:162:in `run'
C:/opscode/chef/embedded/lib/ruby/gems/1.9.1/gems/chef-10.12.0/lib/chef/application/solo.rb:207:in `block in run_application'
C:/opscode/chef/embedded/lib/ruby/gems/1.9.1/gems/chef-10.12.0/lib/chef/application/solo.rb:195:in `loop'
C:/opscode/chef/embedded/lib/ruby/gems/1.9.1/gems/chef-10.12.0/lib/chef/application/solo.rb:195:in `run_application'
C:/opscode/chef/embedded/lib/ruby/gems/1.9.1/gems/chef-10.12.0/lib/chef/application.rb:70:in `run'
C:/opscode/chef/embedded/lib/ruby/gems/1.9.1/gems/chef-10.12.0/bin/chef-solo:25:in `<top (required)>'
C:/opscode/chef/bin/chef-solo:19:in `load'
C:/opscode/chef/bin/chef-solo:19:in `<main>'